<?xml version="1.0" encoding="UTF-8" ?>
<testsuite tests="18" failures="1" name="TestSuite" time="56.659" errors="0" skipped="0">
  <properties>
    <property name="java.runtime.name" value="Java(TM) SE Runtime Environment"/>
    <property name="sun.boot.library.path" value="C:\Program Files\Java\jdk1.8.0_281\jre\bin"/>
    <property name="java.vm.version" value="25.281-b09"/>
    <property name="browser" value="chrome"/>
    <property name="java.vm.vendor" value="Oracle Corporation"/>
    <property name="maven.multiModuleProjectDirectory" value="D:\IT Projects\AmazonTNG"/>
    <property name="java.vendor.url" value="http://java.oracle.com/"/>
    <property name="path.separator" value=";"/>
    <property name="guice.disable.misplaced.annotation.check" value="true"/>
    <property name="java.vm.name" value="Java HotSpot(TM) 64-Bit Server VM"/>
    <property name="file.encoding.pkg" value="sun.io"/>
    <property name="user.script" value=""/>
    <property name="user.country" value="IN"/>
    <property name="sun.java.launcher" value="SUN_STANDARD"/>
    <property name="sun.os.patch.level" value=""/>
    <property name="java.vm.specification.name" value="Java Virtual Machine Specification"/>
    <property name="user.dir" value="D:\IT Projects\AmazonTNG"/>
    <property name="java.runtime.version" value="1.8.0_281-b09"/>
    <property name="java.awt.graphicsenv" value="sun.awt.Win32GraphicsEnvironment"/>
    <property name="java.endorsed.dirs" value="C:\Program Files\Java\jdk1.8.0_281\jre\lib\endorsed"/>
    <property name="os.arch" value="amd64"/>
    <property name="java.io.tmpdir" value="C:\Users\AVITA\AppData\Local\Temp\"/>
    <property name="line.separator" value="
"/>
    <property name="java.vm.specification.vendor" value="Oracle Corporation"/>
    <property name="user.variant" value=""/>
    <property name="os.name" value="Windows 10"/>
    <property name="classworlds.conf" value="D:\Softwares\IT Softwares\apache-maven-3.6.3\bin\..\bin\m2.conf"/>
    <property name="sun.jnu.encoding" value="Cp1252"/>
    <property name="java.library.path" value="C:\Program Files\Java\jdk1.8.0_281\bin;C:\WINDOWS\Sun\Java\bin;C:\WINDOWS\system32;C:\WINDOWS;C:\Program Files (x86)\Common Files\Oracle\Java\javapath;C:\WINDOWS\system32;C:\WINDOWS;C:\WINDOWS\System32\Wbem;C:\WINDOWS\System32\WindowsPowerShell\v1.0\;C:\WINDOWS\System32\OpenSSH\;C:\Program Files\Java\jdk1.8.0_281\bin;C:\Program Files\Git\cmd;C:\Program Files\Git\bin;D:\Softwares\IT Softwares\apache-maven-3.6.3\bin;C:\Users\AVITA\AppData\Local\Microsoft\WindowsApps;;."/>
    <property name="maven.conf" value="D:\Softwares\IT Softwares\apache-maven-3.6.3\bin\../conf"/>
    <property name="java.specification.name" value="Java Platform API Specification"/>
    <property name="java.class.version" value="52.0"/>
    <property name="sun.management.compiler" value="HotSpot 64-Bit Tiered Compilers"/>
    <property name="os.version" value="10.0"/>
    <property name="library.jansi.path" value="D:\Softwares\IT Softwares\apache-maven-3.6.3\bin\..\lib\jansi-native"/>
    <property name="user.home" value="C:\Users\AVITA"/>
    <property name="user.timezone" value="Asia/Calcutta"/>
    <property name="java.awt.printerjob" value="sun.awt.windows.WPrinterJob"/>
    <property name="java.specification.version" value="1.8"/>
    <property name="file.encoding" value="Cp1252"/>
    <property name="user.name" value="AVITA"/>
    <property name="java.class.path" value="D:\Softwares\IT Softwares\apache-maven-3.6.3\bin\..\boot\plexus-classworlds-2.6.0.jar"/>
    <property name="java.vm.specification.version" value="1.8"/>
    <property name="sun.arch.data.model" value="64"/>
    <property name="java.home" value="C:\Program Files\Java\jdk1.8.0_281\jre"/>
    <property name="sun.java.command" value="org.codehaus.plexus.classworlds.launcher.Launcher test -Dbrowser=chrome -PSmoke"/>
    <property name="java.specification.vendor" value="Oracle Corporation"/>
    <property name="user.language" value="en"/>
    <property name="awt.toolkit" value="sun.awt.windows.WToolkit"/>
    <property name="java.vm.info" value="mixed mode"/>
    <property name="java.version" value="1.8.0_281"/>
    <property name="java.ext.dirs" value="C:\Program Files\Java\jdk1.8.0_281\jre\lib\ext;C:\WINDOWS\Sun\Java\lib\ext"/>
    <property name="sun.boot.class.path" value="C:\Program Files\Java\jdk1.8.0_281\jre\lib\resources.jar;C:\Program Files\Java\jdk1.8.0_281\jre\lib\rt.jar;C:\Program Files\Java\jdk1.8.0_281\jre\lib\sunrsasign.jar;C:\Program Files\Java\jdk1.8.0_281\jre\lib\jsse.jar;C:\Program Files\Java\jdk1.8.0_281\jre\lib\jce.jar;C:\Program Files\Java\jdk1.8.0_281\jre\lib\charsets.jar;C:\Program Files\Java\jdk1.8.0_281\jre\lib\jfr.jar;C:\Program Files\Java\jdk1.8.0_281\jre\classes"/>
    <property name="sun.stderr.encoding" value="cp437"/>
    <property name="java.vendor" value="Oracle Corporation"/>
    <property name="maven.home" value="D:\Softwares\IT Softwares\apache-maven-3.6.3\bin\.."/>
    <property name="file.separator" value="\"/>
    <property name="java.vendor.url.bug" value="http://bugreport.sun.com/bugreport/"/>
    <property name="sun.cpu.endian" value="little"/>
    <property name="sun.io.unicode.encoding" value="UnicodeLittle"/>
    <property name="sun.stdout.encoding" value="cp437"/>
    <property name="sun.desktop" value="windows"/>
    <property name="sun.cpu.isalist" value="amd64"/>
  </properties>
  <testcase classname="com.RahulShetty.tests.RahulShettySection1Test" name="autoSuggestion" time="2.516"/>
  <testcase classname="com.RahulShetty.tests.RahulShettySection1Test" name="clickChekbox" time="1.261"/>
  <testcase classname="com.RahulShetty.tests.RahulShettySection1Test" name="goTORahulShettySection5" time="3.475"/>
  <testcase classname="com.RahulShetty.tests.RahulShettySection1Test" name="selectDropdown" time="0.497"/>
  <testcase classname="com.RahulShetty.tests.RahulShettySection2Test" name="switchTOAlert" time="0.244"/>
  <testcase classname="com.RahulShetty.tests.RahulShettySection2Test" name="switchTOFrame" time="0"/>
  <testcase classname="com.RahulShetty.tests.RahulShettySection2Test" name="switchTOTabs" time="2.393"/>
  <testcase classname="com.RahulShetty.tests.RahulShettySection3Test" name="getCourcesWithGreaterPrice" time="1.764"/>
  <testcase classname="com.RahulShetty.tests.RahulShettySection3Test" name="getCourcesWithMatchingPrice" time="1.311"/>
  <testcase classname="com.RahulShetty.tests.RahulShettySection3Test" name="hideAndShowElement" time="3.335"/>
  <testcase classname="com.RahulShetty.tests.RahulShettySection3Test" name="matchSum" time="3.375">
    <failure message="Sum doesn&apos;t match since Total calculated -&gt;296 and expected is -&gt;2968" type="java.lang.AssertionError">java.lang.AssertionError: Sum doesn&apos;t match since Total calculated -&gt;296 and expected is -&gt;2968
	at org.testng.Assert.fail(Assert.java:110)
	at com.RahulShetty.pages.componentspage.Section3.getSumAndMatch(Section3.java:89)
	at com.RahulShetty.tests.RahulShettySection3Test.matchSum(RahulShettySection3Test.java:49)
</failure>
  </testcase>
  <testcase classname="com.RahulShetty.tests.RahulShettySection4Test" name="GotoMouseHoverReload" time="7.211"/>
  <testcase classname="com.RahulShetty.tests.RahulShettySection4Test" name="GotoMouseHoverTop" time="6.502"/>
  <testcase classname="com.RahulShetty.tests.RahulShettySection5Test" name="workingWithIframes" time="3.383"/>
  <testcase classname="com.RahulShetty.tests.RahulShettySection6Test" name="checkValidLink" time="16.258"/>
  <testcase classname="com.RahulShetty.tests.RahulShettySection6Test" name="getLinkHeads" time="2.325"/>
  <testcase classname="com.RahulShetty.tests.RahulShettySection6Test" name="getLinkheadsAndSublinks" time="0.613"/>
  <testcase classname="com.RahulShetty.tests.RahulShettySection6Test" name="getsublinkCount" time="0.196"/>
</testsuite>